0	11:36:47.409	Migration: config folder copied from 'C:\Users\user\Desktop\MQLDIR\MT4' to 'C:\Users\user\Desktop\MQLDIR\MT4'
0	11:36:47.413	Migration: history folder copied from 'C:\Users\user\Desktop\MQLDIR\MT4' to 'C:\Users\user\Desktop\MQLDIR\MT4'
0	11:36:47.416	Migration: mailbox folder copied from 'C:\Users\user\Desktop\MQLDIR\MT4' to 'C:\Users\user\Desktop\MQLDIR\MT4'
0	11:36:47.420	Migration: profiles folder copied from 'C:\Users\user\Desktop\MQLDIR\MT4' to 'C:\Users\user\Desktop\MQLDIR\MT4'
0	11:36:47.422	Migration: templates folder copied from 'C:\Users\user\Desktop\MQLDIR\MT4' to 'C:\Users\user\Desktop\MQLDIR\MT4'
0	11:36:47.463	Migration: data to 'C:\Users\user\Desktop\MQLDIR\MT4' migration started
0	11:36:47.463	Migration: experts migration from 'C:\Users\user\Desktop\MQLDIR\MT4' to 'C:\Users\user\Desktop\MQLDIR\MT4' started
0	11:36:47.464	Migration: experts folder updated from 'C:\Users\user\Desktop\MQLDIR\MT4\experts' to 'C:\Users\user\Desktop\MQLDIR\MT4\MQL4\Experts'
0	11:36:47.464	Migration: include folder updated from 'C:\Users\user\Desktop\MQLDIR\MT4\experts\include' to 'C:\Users\user\Desktop\MQLDIR\MT4\MQL4\Include'
0	11:36:47.464	Migration: indicators folder updated from 'C:\Users\user\Desktop\MQLDIR\MT4\experts\indicators' to 'C:\Users\user\Desktop\MQLDIR\MT4\MQL4\Indicators'
0	11:36:47.464	Migration: scripts folder updated from 'C:\Users\user\Desktop\MQLDIR\MT4\experts\scripts' to 'C:\Users\user\Desktop\MQLDIR\MT4\MQL4\Scripts'
0	11:36:47.464	Migration: expert logs folder updated from 'C:\Users\user\Desktop\MQLDIR\MT4\experts\logs' to 'C:\Users\user\Desktop\MQLDIR\MT4\MQL4\Logs'
0	11:36:47.464	Migration: expert files folder updated from 'C:\Users\user\Desktop\MQLDIR\MT4\experts\files' to 'C:\Users\user\Desktop\MQLDIR\MT4\MQL4\Files'
0	11:36:47.464	Migration: libraries folder updated from 'C:\Users\user\Desktop\MQLDIR\MT4\experts\libraries' to 'C:\Users\user\Desktop\MQLDIR\MT4\MQL4\Libraries'
0	11:36:47.464	Migration: expert presets folder updated from 'C:\Users\user\Desktop\MQLDIR\MT4\experts\presets' to 'C:\Users\user\Desktop\MQLDIR\MT4\MQL4\Presets'
0	11:36:47.464	Migration: expert images folder updated from 'C:\Users\user\Desktop\MQLDIR\MT4\experts\images' to 'C:\Users\user\Desktop\MQLDIR\MT4\MQL4\Images'
0	11:36:47.464	Migration: experts migration finished
0	11:36:47.466	Migration: data migration finished, no virtual folder
0	11:36:47.475	LiveUpdate: update C:\Users\user\Desktop\MQLDIR\MT4\MQL4 folder started
0	11:36:47.489	LiveUpdate: C:\Users\user\Desktop\MQLDIR\MT4\MQL4/Experts/MACD Sample.mq4 updated
0	11:36:47.492	LiveUpdate: C:\Users\user\Desktop\MQLDIR\MT4\MQL4/Experts/Moving Average.mq4 updated
0	11:36:47.499	LiveUpdate: C:\Users\user\Desktop\MQLDIR\MT4\MQL4/Include/Arrays/Array.mqh updated
0	11:36:47.503	LiveUpdate: C:\Users\user\Desktop\MQLDIR\MT4\MQL4/Include/Arrays/ArrayChar.mqh updated
0	11:36:47.514	LiveUpdate: C:\Users\user\Desktop\MQLDIR\MT4\MQL4/Include/Arrays/ArrayDouble.mqh updated
0	11:36:47.527	LiveUpdate: C:\Users\user\Desktop\MQLDIR\MT4\MQL4/Include/Arrays/ArrayFloat.mqh updated
0	11:36:47.537	LiveUpdate: C:\Users\user\Desktop\MQLDIR\MT4\MQL4/Include/Arrays/ArrayInt.mqh updated
0	11:36:47.548	LiveUpdate: C:\Users\user\Desktop\MQLDIR\MT4\MQL4/Include/Arrays/ArrayLong.mqh updated
0	11:36:47.560	LiveUpdate: C:\Users\user\Desktop\MQLDIR\MT4\MQL4/Include/Arrays/ArrayObj.mqh updated
0	11:36:47.573	LiveUpdate: C:\Users\user\Desktop\MQLDIR\MT4\MQL4/Include/Arrays/ArrayShort.mqh updated
0	11:36:47.586	LiveUpdate: C:\Users\user\Desktop\MQLDIR\MT4\MQL4/Include/Arrays/ArrayString.mqh updated
0	11:36:47.597	LiveUpdate: C:\Users\user\Desktop\MQLDIR\MT4\MQL4/Include/Arrays/List.mqh updated
0	11:36:47.606	LiveUpdate: C:\Users\user\Desktop\MQLDIR\MT4\MQL4/Include/Arrays/Tree.mqh updated
0	11:36:47.614	LiveUpdate: C:\Users\user\Desktop\MQLDIR\MT4\MQL4/Include/Arrays/TreeNode.mqh updated
0	11:36:47.619	LiveUpdate: C:\Users\user\Desktop\MQLDIR\MT4\MQL4/Include/Canvas/Canvas.mqh updated
0	11:36:47.629	LiveUpdate: C:\Users\user\Desktop\MQLDIR\MT4\MQL4/Include/ChartObjects/ChartObject.mqh updated
0	11:36:47.641	LiveUpdate: C:\Users\user\Desktop\MQLDIR\MT4\MQL4/Include/ChartObjects/ChartObjectPanel.mqh updated
0	11:36:47.645	LiveUpdate: C:\Users\user\Desktop\MQLDIR\MT4\MQL4/Include/ChartObjects/ChartObjectsArrows.mqh updated
0	11:36:47.653	LiveUpdate: C:\Users\user\Desktop\MQLDIR\MT4\MQL4/Include/ChartObjects/ChartObjectsBmpControls.mqh updated
0	11:36:47.662	LiveUpdate: C:\Users\user\Desktop\MQLDIR\MT4\MQL4/Include/ChartObjects/ChartObjectsChannels.mqh updated
0	11:36:47.671	LiveUpdate: C:\Users\user\Desktop\MQLDIR\MT4\MQL4/Include/ChartObjects/ChartObjectsFibo.mqh updated
0	11:36:47.684	LiveUpdate: C:\Users\user\Desktop\MQLDIR\MT4\MQL4/Include/ChartObjects/ChartObjectsGann.mqh updated
0	11:36:47.692	LiveUpdate: C:\Users\user\Desktop\MQLDIR\MT4\MQL4/Include/ChartObjects/ChartObjectsLines.mqh updated
0	11:36:47.702	LiveUpdate: C:\Users\user\Desktop\MQLDIR\MT4\MQL4/Include/ChartObjects/ChartObjectsShapes.mqh updated
0	11:36:47.710	LiveUpdate: C:\Users\user\Desktop\MQLDIR\MT4\MQL4/Include/ChartObjects/ChartObjectsTxtControls.mqh updated
0	11:36:47.722	LiveUpdate: C:\Users\user\Desktop\MQLDIR\MT4\MQL4/Include/Charts/Chart.mqh updated
0	11:36:47.731	LiveUpdate: C:\Users\user\Desktop\MQLDIR\MT4\MQL4/Include/Controls/BmpButton.mqh updated
0	11:36:47.741	LiveUpdate: C:\Users\user\Desktop\MQLDIR\MT4\MQL4/Include/Controls/Button.mqh updated
0	11:36:47.749	LiveUpdate: C:\Users\user\Desktop\MQLDIR\MT4\MQL4/Include/Controls/CheckBox.mqh updated
0	11:36:47.753	LiveUpdate: C:\Users\user\Desktop\MQLDIR\MT4\MQL4/Include/Controls/CheckGroup.mqh updated
0	11:36:47.762	LiveUpdate: C:\Users\user\Desktop\MQLDIR\MT4\MQL4/Include/Controls/ComboBox.mqh updated
0	11:36:47.770	LiveUpdate: C:\Users\user\Desktop\MQLDIR\MT4\MQL4/Include/Controls/DateDropList.mqh updated
0	11:36:47.780	LiveUpdate: C:\Users\user\Desktop\MQLDIR\MT4\MQL4/Include/Controls/DatePicker.mqh updated
0	11:36:47.791	LiveUpdate: C:\Users\user\Desktop\MQLDIR\MT4\MQL4/Include/Controls/Defines.mqh updated
0	11:36:47.800	LiveUpdate: C:\Users\user\Desktop\MQLDIR\MT4\MQL4/Include/Controls/Dialog.mqh updated
0	11:36:47.810	LiveUpdate: C:\Users\user\Desktop\MQLDIR\MT4\MQL4/Include/Controls/Edit.mqh updated
0	11:36:47.821	LiveUpdate: C:\Users\user\Desktop\MQLDIR\MT4\MQL4/Include/Controls/Label.mqh updated
0	11:36:47.824	LiveUpdate: C:\Users\user\Desktop\MQLDIR\MT4\MQL4/Include/Controls/ListView.mqh updated
0	11:36:47.834	LiveUpdate: C:\Users\user\Desktop\MQLDIR\MT4\MQL4/Include/Controls/Panel.mqh updated
0	11:36:47.837	LiveUpdate: C:\Users\user\Desktop\MQLDIR\MT4\MQL4/Include/Controls/Picture.mqh updated
0	11:36:47.841	LiveUpdate: C:\Users\user\Desktop\MQLDIR\MT4\MQL4/Include/Controls/RadioButton.mqh updated
0	11:36:47.851	LiveUpdate: C:\Users\user\Desktop\MQLDIR\MT4\MQL4/Include/Controls/RadioGroup.mqh updated
0	11:36:47.860	LiveUpdate: C:\Users\user\Desktop\MQLDIR\MT4\MQL4/Include/Controls/Rect.mqh updated
0	11:36:47.871	LiveUpdate: C:\Users\user\Desktop\MQLDIR\MT4\MQL4/Include/Controls/res/CheckBoxOff.bmp updated
0	11:36:47.875	LiveUpdate: C:\Users\user\Desktop\MQLDIR\MT4\MQL4/Include/Controls/res/CheckBoxOn.bmp updated
0	11:36:47.879	LiveUpdate: C:\Users\user\Desktop\MQLDIR\MT4\MQL4/Include/Controls/res/Close.bmp updated
0	11:36:47.882	LiveUpdate: C:\Users\user\Desktop\MQLDIR\MT4\MQL4/Include/Controls/res/CloseDisable.bmp updated
0	11:36:47.886	LiveUpdate: C:\Users\user\Desktop\MQLDIR\MT4\MQL4/Include/Controls/res/CloseOff.bmp updated
0	11:36:47.890	LiveUpdate: C:\Users\user\Desktop\MQLDIR\MT4\MQL4/Include/Controls/res/CloseOn.bmp updated
0	11:36:47.894	LiveUpdate: C:\Users\user\Desktop\MQLDIR\MT4\MQL4/Include/Controls/res/DateDropOff.bmp updated
0	11:36:47.898	LiveUpdate: C:\Users\user\Desktop\MQLDIR\MT4\MQL4/Include/Controls/res/DateDropOn.bmp updated
0	11:36:47.902	LiveUpdate: C:\Users\user\Desktop\MQLDIR\MT4\MQL4/Include/Controls/res/Down.bmp updated
0	11:36:47.906	LiveUpdate: C:\Users\user\Desktop\MQLDIR\MT4\MQL4/Include/Controls/res/DownDisable.bmp updated
0	11:36:47.910	LiveUpdate: C:\Users\user\Desktop\MQLDIR\MT4\MQL4/Include/Controls/res/DownSmall.bmp updated
0	11:36:47.919	LiveUpdate: C:\Users\user\Desktop\MQLDIR\MT4\MQL4/Include/Controls/res/DownTransp.bmp updated
0	11:36:47.923	LiveUpdate: C:\Users\user\Desktop\MQLDIR\MT4\MQL4/Include/Controls/res/down_smoll.bmp updated
0	11:36:47.927	LiveUpdate: C:\Users\user\Desktop\MQLDIR\MT4\MQL4/Include/Controls/res/DropOff.bmp updated
0	11:36:47.931	LiveUpdate: C:\Users\user\Desktop\MQLDIR\MT4\MQL4/Include/Controls/res/DropOn.bmp updated
0	11:36:47.935	LiveUpdate: C:\Users\user\Desktop\MQLDIR\MT4\MQL4/Include/Controls/res/ExpandDisable.bmp updated
0	11:36:47.939	LiveUpdate: C:\Users\user\Desktop\MQLDIR\MT4\MQL4/Include/Controls/res/ExpandOff.bmp updated
0	11:36:47.942	LiveUpdate: C:\Users\user\Desktop\MQLDIR\MT4\MQL4/Include/Controls/res/ExpandOn.bmp updated
0	11:36:47.946	LiveUpdate: C:\Users\user\Desktop\MQLDIR\MT4\MQL4/Include/Controls/res/HelpDisable.bmp updated
0	11:36:47.950	LiveUpdate: C:\Users\user\Desktop\MQLDIR\MT4\MQL4/Include/Controls/res/HelpOff.bmp updated
0	11:36:47.953	LiveUpdate: C:\Users\user\Desktop\MQLDIR\MT4\MQL4/Include/Controls/res/HelpOn.bmp updated
0	11:36:47.957	LiveUpdate: C:\Users\user\Desktop\MQLDIR\MT4\MQL4/Include/Controls/res/Left.bmp updated
0	11:36:47.960	LiveUpdate: C:\Users\user\Desktop\MQLDIR\MT4\MQL4/Include/Controls/res/LeftDisable.bmp updated
0	11:36:47.964	LiveUpdate: C:\Users\user\Desktop\MQLDIR\MT4\MQL4/Include/Controls/res/LeftTransp.bmp updated
0	11:36:47.967	LiveUpdate: C:\Users\user\Desktop\MQLDIR\MT4\MQL4/Include/Controls/res/RadioButtonOff.bmp updated
0	11:36:47.971	LiveUpdate: C:\Users\user\Desktop\MQLDIR\MT4\MQL4/Include/Controls/res/RadioButtonOn.bmp updated
0	11:36:47.974	LiveUpdate: C:\Users\user\Desktop\MQLDIR\MT4\MQL4/Include/Controls/res/Restore.bmp updated
0	11:36:47.977	LiveUpdate: C:\Users\user\Desktop\MQLDIR\MT4\MQL4/Include/Controls/res/RestoreDisable.bmp updated
0	11:36:47.981	LiveUpdate: C:\Users\user\Desktop\MQLDIR\MT4\MQL4/Include/Controls/res/RestoreOff.bmp updated
0	11:36:47.985	LiveUpdate: C:\Users\user\Desktop\MQLDIR\MT4\MQL4/Include/Controls/res/RestoreOn.bmp updated
0	11:36:47.989	LiveUpdate: C:\Users\user\Desktop\MQLDIR\MT4\MQL4/Include/Controls/res/Right.bmp updated
0	11:36:47.996	LiveUpdate: C:\Users\user\Desktop\MQLDIR\MT4\MQL4/Include/Controls/res/RightDisable.bmp updated
0	11:36:48.000	LiveUpdate: C:\Users\user\Desktop\MQLDIR\MT4\MQL4/Include/Controls/res/RightTransp.bmp updated
0	11:36:48.003	LiveUpdate: C:\Users\user\Desktop\MQLDIR\MT4\MQL4/Include/Controls/res/SpinDec.bmp updated
0	11:36:48.008	LiveUpdate: C:\Users\user\Desktop\MQLDIR\MT4\MQL4/Include/Controls/res/SpinInc.bmp updated
0	11:36:48.012	LiveUpdate: C:\Users\user\Desktop\MQLDIR\MT4\MQL4/Include/Controls/res/ThumbHor.bmp updated
0	11:36:48.016	LiveUpdate: C:\Users\user\Desktop\MQLDIR\MT4\MQL4/Include/Controls/res/ThumbHorDisable.bmp updated
0	11:36:48.019	LiveUpdate: C:\Users\user\Desktop\MQLDIR\MT4\MQL4/Include/Controls/res/ThumbVert.bmp updated
0	11:36:48.023	LiveUpdate: C:\Users\user\Desktop\MQLDIR\MT4\MQL4/Include/Controls/res/ThumbVertDisable.bmp updated
0	11:36:48.027	LiveUpdate: C:\Users\user\Desktop\MQLDIR\MT4\MQL4/Include/Controls/res/Turn.bmp updated
0	11:36:48.032	LiveUpdate: C:\Users\user\Desktop\MQLDIR\MT4\MQL4/Include/Controls/res/TurnOff.bmp updated
0	11:36:48.035	LiveUpdate: C:\Users\user\Desktop\MQLDIR\MT4\MQL4/Include/Controls/res/TurnOn.bmp updated
0	11:36:48.040	LiveUpdate: C:\Users\user\Desktop\MQLDIR\MT4\MQL4/Include/Controls/res/Up.bmp updated
0	11:36:48.048	LiveUpdate: C:\Users\user\Desktop\MQLDIR\MT4\MQL4/Include/Controls/res/UpDisable.bmp updated
0	11:36:48.052	LiveUpdate: C:\Users\user\Desktop\MQLDIR\MT4\MQL4/Include/Controls/res/UpSmall.bmp updated
0	11:36:48.056	LiveUpdate: C:\Users\user\Desktop\MQLDIR\MT4\MQL4/Include/Controls/res/UpTransp.bmp updated
0	11:36:48.060	LiveUpdate: C:\Users\user\Desktop\MQLDIR\MT4\MQL4/Include/Controls/res/up_smoll.bmp updated
0	11:36:48.064	LiveUpdate: C:\Users\user\Desktop\MQLDIR\MT4\MQL4/Include/Controls/Scrolls.mqh updated
0	11:36:48.076	LiveUpdate: C:\Users\user\Desktop\MQLDIR\MT4\MQL4/Include/Controls/SpinEdit.mqh updated
0	11:36:48.087	LiveUpdate: C:\Users\user\Desktop\MQLDIR\MT4\MQL4/Include/Controls/TimePicker.mqh updated
0	11:36:48.104	LiveUpdate: C:\Users\user\Desktop\MQLDIR\MT4\MQL4/Include/Controls/Wnd.mqh updated
0	11:36:48.121	LiveUpdate: C:\Users\user\Desktop\MQLDIR\MT4\MQL4/Include/Controls/WndClient.mqh updated
0	11:36:48.130	LiveUpdate: C:\Users\user\Desktop\MQLDIR\MT4\MQL4/Include/Controls/WndContainer.mqh updated
0	11:36:48.139	LiveUpdate: C:\Users\user\Desktop\MQLDIR\MT4\MQL4/Include/Controls/WndObj.mqh updated
0	11:36:48.157	LiveUpdate: C:\Users\user\Desktop\MQLDIR\MT4\MQL4/Include/Files/File.mqh updated
0	11:36:48.166	LiveUpdate: C:\Users\user\Desktop\MQLDIR\MT4\MQL4/Include/Files/FileBin.mqh updated
0	11:36:48.178	LiveUpdate: C:\Users\user\Desktop\MQLDIR\MT4\MQL4/Include/Files/FilePipe.mqh updated
0	11:36:48.186	LiveUpdate: C:\Users\user\Desktop\MQLDIR\MT4\MQL4/Include/Files/FileTxt.mqh updated
0	11:36:48.191	LiveUpdate: C:\Users\user\Desktop\MQLDIR\MT4\MQL4/Include/Indicators/BillWilliams.mqh updated
0	11:36:48.201	LiveUpdate: C:\Users\user\Desktop\MQLDIR\MT4\MQL4/Include/Indicators/Custom.mqh updated
0	11:36:48.204	LiveUpdate: C:\Users\user\Desktop\MQLDIR\MT4\MQL4/Include/Indicators/Indicator.mqh updated
0	11:36:48.207	LiveUpdate: C:\Users\user\Desktop\MQLDIR\MT4\MQL4/Include/Indicators/Indicators.mqh updated
0	11:36:48.220	LiveUpdate: C:\Users\user\Desktop\MQLDIR\MT4\MQL4/Include/Indicators/Oscilators.mqh updated
0	11:36:48.228	LiveUpdate: C:\Users\user\Desktop\MQLDIR\MT4\MQL4/Include/Indicators/Series.mqh updated
0	11:36:48.232	LiveUpdate: C:\Users\user\Desktop\MQLDIR\MT4\MQL4/Include/Indicators/TimeSeries.mqh updated
0	11:36:48.242	LiveUpdate: C:\Users\user\Desktop\MQLDIR\MT4\MQL4/Include/Indicators/Trend.mqh updated
0	11:36:48.254	LiveUpdate: C:\Users\user\Desktop\MQLDIR\MT4\MQL4/Include/Indicators/Volumes.mqh updated
0	11:36:48.262	LiveUpdate: C:\Users\user\Desktop\MQLDIR\MT4\MQL4/Include/MovingAverages.mqh updated
0	11:36:48.270	LiveUpdate: C:\Users\user\Desktop\MQLDIR\MT4\MQL4/Include/Object.mqh updated
0	11:36:48.274	LiveUpdate: C:\Users\user\Desktop\MQLDIR\MT4\MQL4/Include/stderror.mqh updated
0	11:36:48.283	LiveUpdate: C:\Users\user\Desktop\MQLDIR\MT4\MQL4/Include/stdlib.mqh updated
0	11:36:48.286	LiveUpdate: C:\Users\user\Desktop\MQLDIR\MT4\MQL4/Include/StdLibErr.mqh updated
0	11:36:48.291	LiveUpdate: C:\Users\user\Desktop\MQLDIR\MT4\MQL4/Include/Strings/String.mqh updated
0	11:36:48.301	LiveUpdate: C:\Users\user\Desktop\MQLDIR\MT4\MQL4/Include/Tools/DateTime.mqh updated
0	11:36:48.308	LiveUpdate: C:\Users\user\Desktop\MQLDIR\MT4\MQL4/Include/WinUser32.mqh updated
0	11:36:48.316	LiveUpdate: C:\Users\user\Desktop\MQLDIR\MT4\MQL4/Indicators/Accelerator.mq4 updated
0	11:36:48.320	LiveUpdate: C:\Users\user\Desktop\MQLDIR\MT4\MQL4/Indicators/Accumulation.mq4 updated
0	11:36:48.323	LiveUpdate: C:\Users\user\Desktop\MQLDIR\MT4\MQL4/Indicators/Alligator.mq4 updated
0	11:36:48.327	LiveUpdate: C:\Users\user\Desktop\MQLDIR\MT4\MQL4/Indicators/ATR.mq4 updated
0	11:36:48.329	LiveUpdate: C:\Users\user\Desktop\MQLDIR\MT4\MQL4/Indicators/Awesome.mq4 updated
0	11:36:48.333	LiveUpdate: C:\Users\user\Desktop\MQLDIR\MT4\MQL4/Indicators/Bands.mq4 updated
0	11:36:48.336	LiveUpdate: C:\Users\user\Desktop\MQLDIR\MT4\MQL4/Indicators/Bears.mq4 updated
0	11:36:48.339	LiveUpdate: C:\Users\user\Desktop\MQLDIR\MT4\MQL4/Indicators/Bulls.mq4 updated
0	11:36:48.343	LiveUpdate: C:\Users\user\Desktop\MQLDIR\MT4\MQL4/Indicators/CCI.mq4 updated
0	11:36:48.346	LiveUpdate: C:\Users\user\Desktop\MQLDIR\MT4\MQL4/Indicators/Custom Moving Averages.mq4 updated
0	11:36:48.359	LiveUpdate: C:\Users\user\Desktop\MQLDIR\MT4\MQL4/Indicators/Examples/SimplePanel/PanelDialog.mqh updated
0	11:36:48.369	LiveUpdate: C:\Users\user\Desktop\MQLDIR\MT4\MQL4/Indicators/Examples/SimplePanel/SimplePanel.mq4 updated
0	11:36:48.373	LiveUpdate: C:\Users\user\Desktop\MQLDIR\MT4\MQL4/Indicators/Heiken Ashi.mq4 updated
0	11:36:48.382	LiveUpdate: C:\Users\user\Desktop\MQLDIR\MT4\MQL4/Indicators/Ichimoku.mq4 updated
0	11:36:48.386	LiveUpdate: C:\Users\user\Desktop\MQLDIR\MT4\MQL4/Indicators/iExposure.mq4 updated
0	11:36:48.397	LiveUpdate: C:\Users\user\Desktop\MQLDIR\MT4\MQL4/Indicators/MACD.mq4 updated
0	11:36:48.406	LiveUpdate: C:\Users\user\Desktop\MQLDIR\MT4\MQL4/Indicators/Momentum.mq4 updated
0	11:36:48.409	LiveUpdate: C:\Users\user\Desktop\MQLDIR\MT4\MQL4/Indicators/OsMA.mq4 updated
0	11:36:48.420	LiveUpdate: C:\Users\user\Desktop\MQLDIR\MT4\MQL4/Indicators/Parabolic.mq4 updated
0	11:36:48.432	LiveUpdate: C:\Users\user\Desktop\MQLDIR\MT4\MQL4/Indicators/RSI.mq4 updated
0	11:36:48.436	LiveUpdate: C:\Users\user\Desktop\MQLDIR\MT4\MQL4/Indicators/Stochastic.mq4 updated
0	11:36:48.440	LiveUpdate: C:\Users\user\Desktop\MQLDIR\MT4\MQL4/Indicators/ZigZag.mq4 updated
0	11:36:48.451	LiveUpdate: C:\Users\user\Desktop\MQLDIR\MT4\MQL4/Libraries/stdlib.mq4 updated
0	11:36:48.464	LiveUpdate: C:\Users\user\Desktop\MQLDIR\MT4\MQL4/Scripts/Examples/DLL/DLLSample.cpp updated
0	11:36:48.467	LiveUpdate: C:\Users\user\Desktop\MQLDIR\MT4\MQL4/Scripts/Examples/DLL/DLLSample.def updated
0	11:36:48.471	LiveUpdate: C:\Users\user\Desktop\MQLDIR\MT4\MQL4/Scripts/Examples/DLL/DLLSample.vcxproj updated
0	11:36:48.475	LiveUpdate: C:\Users\user\Desktop\MQLDIR\MT4\MQL4/Scripts/Examples/DLL/DLLSampleTester.mq4 updated
0	11:36:48.480	LiveUpdate: C:\Users\user\Desktop\MQLDIR\MT4\MQL4/Scripts/Examples/DLL/Libraries/DLLSample.dll updated
0	11:36:48.533	LiveUpdate: C:\Users\user\Desktop\MQLDIR\MT4\MQL4/Scripts/Examples/Pipes/PipeClient.mq4 updated
0	11:36:48.537	LiveUpdate: C:\Users\user\Desktop\MQLDIR\MT4\MQL4/Scripts/Examples/Pipes/PipeClientPure.mq4 updated
0	11:36:48.541	LiveUpdate: C:\Users\user\Desktop\MQLDIR\MT4\MQL4/Scripts/PeriodConverter.mq4 updated
0	11:36:48.544	LiveUpdate: update C:\Users\user\Desktop\MQLDIR\MT4\MQL4 folder finished
